# JRE version: 7.0_21-b11
# Java VM: Java HotSpot(TM) Client VM (23.21-b01 mixed mode, sharing windows-x86 )
Heap
 def new generation   total 4928K, used 3318K [0x23510000, 0x23a60000, 0x28a60000)
  eden space 4416K,  63% used [0x23510000, 0x237cdba8, 0x23960000)
  from space 512K, 100% used [0x23960000, 0x239e0000, 0x239e0000)
  to   space 512K,   0% used [0x239e0000, 0x239e0000, 0x23a60000)
 tenured generation   total 10944K, used 9435K [0x28a60000, 0x29510000, 0x33510000)
   the space 10944K,  86% used [0x28a60000, 0x29396fd8, 0x29397000, 0x29510000)
 compacting perm gen  total 12288K, used 10945K [0x33510000, 0x34110000, 0x37510000)
   the space 12288K,  89% used [0x33510000, 0x33fc0730, 0x33fc0800, 0x34110000)
    ro space 10240K,  42% used [0x37510000, 0x379522a0, 0x37952400, 0x37f10000)
    rw space 12288K,  54% used [0x37f10000, 0x38593250, 0x38593400, 0x38b10000)
GC Heap History (10 events):
Event: 24.965 GC heap before
{Heap before GC invocations=9 (full 0):
 def new generation   total 4928K, used 4927K [0x23510000, 0x23a60000, 0x28a60000)
  eden space 4416K, 100% used [0x23510000, 0x23960000, 0x23960000)
  from space 512K,  99% used [0x239e0000, 0x23a5fff8, 0x23a60000)
  to   space 512K,   0% used [0x23960000, 0x23960000, 0x239e0000)
 tenured generation   total 10944K, used 4572K [0x28a60000, 0x29510000, 0x33510000)
   the space 10944K,  41% used [0x28a60000, 0x28ed7040, 0x28ed7200, 0x29510000)
 compacting perm gen  total 12288K, used 8460K [0x33510000, 0x34110000, 0x37510000)
   the space 12288K,  68% used [0x33510000, 0x33d53378, 0x33d53400, 0x34110000)
    ro space 10240K,  42% used [0x37510000, 0x379522a0, 0x37952400, 0x37f10000)
    rw space 12288K,  54% used [0x37f10000, 0x38593250, 0x38593400, 0x38b10000)
Event: 24.970 GC heap after
Heap after GC invocations=10 (full 0):
 def new generation   total 4928K, used 294K [0x23510000, 0x23a60000, 0x28a60000)
  eden space 4416K,   0% used [0x23510000, 0x23510000, 0x23960000)
  from space 512K,  57% used [0x23960000, 0x239a9970, 0x239e0000)
  to   space 512K,   0% used [0x239e0000, 0x239e0000, 0x23a60000)
 tenured generation   total 10944K, used 5066K [0x28a60000, 0x29510000, 0x33510000)
   the space 10944K,  46% used [0x28a60000, 0x28f52960, 0x28f52a00, 0x29510000)
 compacting perm gen  total 12288K, used 8460K [0x33510000, 0x34110000, 0x37510000)
   the space 12288K,  68% used [0x33510000, 0x33d53378, 0x33d53400, 0x34110000)
    ro space 10240K,  42% used [0x37510000, 0x379522a0, 0x37952400, 0x37f10000)
    rw space 12288K,  54% used [0x37f10000, 0x38593250, 0x38593400, 0x38b10000)
}
Event: 32.573 GC heap before
{Heap before GC invocations=10 (full 0):
 def new generation   total 4928K, used 4710K [0x23510000, 0x23a60000, 0x28a60000)
  eden space 4416K, 100% used [0x23510000, 0x23960000, 0x23960000)
  from space 512K,  57% used [0x23960000, 0x239a9970, 0x239e0000)
  to   space 512K,   0% used [0x239e0000, 0x239e0000, 0x23a60000)
 tenured generation   total 10944K, used 5066K [0x28a60000, 0x29510000, 0x33510000)
   the space 10944K,  46% used [0x28a60000, 0x28f52960, 0x28f52a00, 0x29510000)
 compacting perm gen  total 12288K, used 8562K [0x33510000, 0x34110000, 0x37510000)
   the space 12288K,  69% used [0x33510000, 0x33d6c8b0, 0x33d6ca00, 0x34110000)
    ro space 10240K,  42% used [0x37510000, 0x379522a0, 0x37952400, 0x37f10000)
    rw space 12288K,  54% used [0x37f10000, 0x38593250, 0x38593400, 0x38b10000)
Event: 32.575 GC heap after
Heap after GC invocations=11 (full 0):
 def new generation   total 4928K, used 227K [0x23510000, 0x23a60000, 0x28a60000)
  eden space 4416K,   0% used [0x23510000, 0x23510000, 0x23960000)
  from space 512K,  44% used [0x239e0000, 0x23a18fe8, 0x23a60000)
  to   space 512K,   0% used [0x23960000, 0x23960000, 0x239e0000)
 tenured generation   total 10944K, used 5332K [0x28a60000, 0x29510000, 0x33510000)
   the space 10944K,  48% used [0x28a60000, 0x28f952b0, 0x28f95400, 0x29510000)
 compacting perm gen  total 12288K, used 8562K [0x33510000, 0x34110000, 0x37510000)
   the space 12288K,  69% used [0x33510000, 0x33d6c8b0, 0x33d6ca00, 0x34110000)
    ro space 10240K,  42% used [0x37510000, 0x379522a0, 0x37952400, 0x37f10000)
    rw space 12288K,  54% used [0x37f10000, 0x38593250, 0x38593400, 0x38b10000)
}
Event: 32.709 GC heap before
{Heap before GC invocations=11 (full 0):
 def new generation   total 4928K, used 4643K [0x23510000, 0x23a60000, 0x28a60000)
  eden space 4416K, 100% used [0x23510000, 0x23960000, 0x23960000)
  from space 512K,  44% used [0x239e0000, 0x23a18fe8, 0x23a60000)
  to   space 512K,   0% used [0x23960000, 0x23960000, 0x239e0000)
 tenured generation   total 10944K, used 5332K [0x28a60000, 0x29510000, 0x33510000)
   the space 10944K,  48% used [0x28a60000, 0x28f952b0, 0x28f95400, 0x29510000)
 compacting perm gen  total 12288K, used 9261K [0x33510000, 0x34110000, 0x37510000)
   the space 12288K,  75% used [0x33510000, 0x33e1b5a8, 0x33e1b600, 0x34110000)
    ro space 10240K,  42% used [0x37510000, 0x379522a0, 0x37952400, 0x37f10000)
    rw space 12288K,  54% used [0x37f10000, 0x38593250, 0x38593400, 0x38b10000)
Event: 32.714 GC heap after
Heap after GC invocations=12 (full 0):
 def new generation   total 4928K, used 512K [0x23510000, 0x23a60000, 0x28a60000)
  eden space 4416K,   0% used [0x23510000, 0x23510000, 0x23960000)
  from space 512K, 100% used [0x23960000, 0x239e0000, 0x239e0000)
  to   space 512K,   0% used [0x239e0000, 0x239e0000, 0x23a60000)
 tenured generation   total 10944K, used 5993K [0x28a60000, 0x29510000, 0x33510000)
   the space 10944K,  54% used [0x28a60000, 0x2903a4e0, 0x2903a600, 0x29510000)
 compacting perm gen  total 12288K, used 9261K [0x33510000, 0x34110000, 0x37510000)
   the space 12288K,  75% used [0x33510000, 0x33e1b5a8, 0x33e1b600, 0x34110000)
    ro space 10240K,  42% used [0x37510000, 0x379522a0, 0x37952400, 0x37f10000)
    rw space 12288K,  54% used [0x37f10000, 0x38593250, 0x38593400, 0x38b10000)
}
Event: 33.996 GC heap before
{Heap before GC invocations=12 (full 0):
 def new generation   total 4928K, used 4928K [0x23510000, 0x23a60000, 0x28a60000)
  eden space 4416K, 100% used [0x23510000, 0x23960000, 0x23960000)
  from space 512K, 100% used [0x23960000, 0x239e0000, 0x239e0000)
  to   space 512K,   0% used [0x239e0000, 0x239e0000, 0x23a60000)
 tenured generation   total 10944K, used 5993K [0x28a60000, 0x29510000, 0x33510000)
   the space 10944K,  54% used [0x28a60000, 0x2903a4e0, 0x2903a600, 0x29510000)
 compacting perm gen  total 12288K, used 10108K [0x33510000, 0x34110000, 0x37510000)
   the space 12288K,  82% used [0x33510000, 0x33eef1d8, 0x33eef200, 0x34110000)
    ro space 10240K,  42% used [0x37510000, 0x379522a0, 0x37952400, 0x37f10000)
    rw space 12288K,  54% used [0x37f10000, 0x38593250, 0x38593400, 0x38b10000)
Event: 34.001 GC heap after
Heap after GC invocations=13 (full 0):
 def new generation   total 4928K, used 512K [0x23510000, 0x23a60000, 0x28a60000)
  eden space 4416K,   0% used [0x23510000, 0x23510000, 0x23960000)
  from space 512K, 100% used [0x239e0000, 0x23a60000, 0x23a60000)
  to   space 512K,   0% used [0x23960000, 0x23960000, 0x239e0000)
 tenured generation   total 10944K, used 7044K [0x28a60000, 0x29510000, 0x33510000)
   the space 10944K,  64% used [0x28a60000, 0x29141190, 0x29141200, 0x29510000)
 compacting perm gen  total 12288K, used 10108K [0x33510000, 0x34110000, 0x37510000)
   the space 12288K,  82% used [0x33510000, 0x33eef1d8, 0x33eef200, 0x34110000)
    ro space 10240K,  42% used [0x37510000, 0x379522a0, 0x37952400, 0x37f10000)
    rw space 12288K,  54% used [0x37f10000, 0x38593250, 0x38593400, 0x38b10000)
}
Event: 34.345 GC heap before
{Heap before GC invocations=13 (full 0):
 def new generation   total 4928K, used 4871K [0x23510000, 0x23a60000, 0x28a60000)
  eden space 4416K,  98% used [0x23510000, 0x23951ef0, 0x23960000)
  from space 512K, 100% used [0x239e0000, 0x23a60000, 0x23a60000)
  to   space 512K,   0% used [0x23960000, 0x23960000, 0x239e0000)
 tenured generation   total 10944K, used 7044K [0x28a60000, 0x29510000, 0x33510000)
   the space 10944K,  64% used [0x28a60000, 0x29141190, 0x29141200, 0x29510000)
 compacting perm gen  total 12288K, used 10698K [0x33510000, 0x34110000, 0x37510000)
   the space 12288K,  87% used [0x33510000, 0x33f829d0, 0x33f82a00, 0x34110000)
    ro space 10240K,  42% used [0x37510000, 0x379522a0, 0x37952400, 0x37f10000)
    rw space 12288K,  54% used [0x37f10000, 0x38593250, 0x38593400, 0x38b10000)
Event: 34.351 GC heap after
Heap after GC invocations=14 (full 0):
 def new generation   total 4928K, used 512K [0x23510000, 0x23a60000, 0x28a60000)
  eden space 4416K,   0% used [0x23510000, 0x23510000, 0x23960000)
  from space 512K, 100% used [0x23960000, 0x239e0000, 0x239e0000)
  to   space 512K,   0% used [0x239e0000, 0x239e0000, 0x23a60000)
 tenured generation   total 10944K, used 9435K [0x28a60000, 0x29510000, 0x33510000)
   the space 10944K,  86% used [0x28a60000, 0x29396fd8, 0x29397000, 0x29510000)
 compacting perm gen  total 12288K, used 10698K [0x33510000, 0x34110000, 0x37510000)
   the space 12288K,  87% used [0x33510000, 0x33f829d0, 0x33f82a00, 0x34110000)
    ro space 10240K,  42% used [0x37510000, 0x379522a0, 0x37952400, 0x37f10000)
    rw space 12288K,  54% used [0x37f10000, 0x38593250, 0x38593400, 0x38b10000)
}

