# JRE version: 7.0_25-b17
# Java VM: Java HotSpot(TM) 64-Bit Server VM (23.25-b01 mixed mode windows-amd64 compressed oops)
Heap
 PSYoungGen      total 19136K, used 5540K [0x00000000eb400000, 0x00000000ecfc0000, 0x0000000100000000)
  eden space 14848K, 8% used [0x00000000eb400000,0x00000000eb540cb8,0x00000000ec280000)
  from space 4288K, 99% used [0x00000000ec2d0000,0x00000000ec6f8400,0x00000000ec700000)
  to   space 6784K, 0% used [0x00000000ec920000,0x00000000ec920000,0x00000000ecfc0000)
 ParOldGen       total 42496K, used 7366K [0x00000000c1c00000, 0x00000000c4580000, 0x00000000eb400000)
  object space 42496K, 17% used [0x00000000c1c00000,0x00000000c2331b60,0x00000000c4580000)
 PSPermGen       total 22208K, used 22164K [0x00000000bca00000, 0x00000000bdfb0000, 0x00000000c1c00000)
  object space 22208K, 99% used [0x00000000bca00000,0x00000000bdfa53e0,0x00000000bdfb0000)
GC Heap History (10 events):
Event: 18.815 GC heap before
{Heap before GC invocations=3 (full 0):
 PSYoungGen      total 18560K, used 18559K [0x00000000eb400000, 0x00000000ec8b0000, 0x0000000100000000)
  eden space 15936K, 100% used [0x00000000eb400000,0x00000000ec390000,0x00000000ec390000)
  from space 2624K, 99% used [0x00000000ec620000,0x00000000ec8affc0,0x00000000ec8b0000)
  to   space 2624K, 0% used [0x00000000ec390000,0x00000000ec390000,0x00000000ec620000)
 ParOldGen       total 42496K, used 855K [0x00000000c1c00000, 0x00000000c4580000, 0x00000000eb400000)
  object space 42496K, 2% used [0x00000000c1c00000,0x00000000c1cd5e98,0x00000000c4580000)
 PSPermGen       total 21248K, used 16914K [0x00000000bca00000, 0x00000000bdec0000, 0x00000000c1c00000)
  object space 21248K, 79% used [0x00000000bca00000,0x00000000bda84aa8,0x00000000bdec0000)
Event: 18.830 GC heap after
Heap after GC invocations=3 (full 0):
 PSYoungGen      total 18560K, used 2621K [0x00000000eb400000, 0x00000000ec8b0000, 0x0000000100000000)
  eden space 15936K, 0% used [0x00000000eb400000,0x00000000eb400000,0x00000000ec390000)
  from space 2624K, 99% used [0x00000000ec390000,0x00000000ec61f7d0,0x00000000ec620000)
  to   space 2624K, 0% used [0x00000000ec620000,0x00000000ec620000,0x00000000ec8b0000)
 ParOldGen       total 42496K, used 2261K [0x00000000c1c00000, 0x00000000c4580000, 0x00000000eb400000)
  object space 42496K, 5% used [0x00000000c1c00000,0x00000000c1e35450,0x00000000c4580000)
 PSPermGen       total 21248K, used 16914K [0x00000000bca00000, 0x00000000bdec0000, 0x00000000c1c00000)
  object space 21248K, 79% used [0x00000000bca00000,0x00000000bda84aa8,0x00000000bdec0000)
}
Event: 116.615 GC heap before
{Heap before GC invocations=4 (full 0):
 PSYoungGen      total 18560K, used 18557K [0x00000000eb400000, 0x00000000ec8b0000, 0x0000000100000000)
  eden space 15936K, 100% used [0x00000000eb400000,0x00000000ec390000,0x00000000ec390000)
  from space 2624K, 99% used [0x00000000ec390000,0x00000000ec61f7d0,0x00000000ec620000)
  to   space 2624K, 0% used [0x00000000ec620000,0x00000000ec620000,0x00000000ec8b0000)
 ParOldGen       total 42496K, used 2261K [0x00000000c1c00000, 0x00000000c4580000, 0x00000000eb400000)
  object space 42496K, 5% used [0x00000000c1c00000,0x00000000c1e35450,0x00000000c4580000)
 PSPermGen       total 21248K, used 17071K [0x00000000bca00000, 0x00000000bdec0000, 0x00000000c1c00000)
  object space 21248K, 80% used [0x00000000bca00000,0x00000000bdaabed8,0x00000000bdec0000)
Event: 116.637 GC heap after
Heap after GC invocations=4 (full 0):
 PSYoungGen      total 18560K, used 2621K [0x00000000eb400000, 0x00000000ec8b0000, 0x0000000100000000)
  eden space 15936K, 0% used [0x00000000eb400000,0x00000000eb400000,0x00000000ec390000)
  from space 2624K, 99% used [0x00000000ec620000,0x00000000ec8af7d0,0x00000000ec8b0000)
  to   space 2624K, 0% used [0x00000000ec390000,0x00000000ec390000,0x00000000ec620000)
 ParOldGen       total 42496K, used 2325K [0x00000000c1c00000, 0x00000000c4580000, 0x00000000eb400000)
  object space 42496K, 5% used [0x00000000c1c00000,0x00000000c1e45450,0x00000000c4580000)
 PSPermGen       total 21248K, used 17071K [0x00000000bca00000, 0x00000000bdec0000, 0x00000000c1c00000)
  object space 21248K, 80% used [0x00000000bca00000,0x00000000bdaabed8,0x00000000bdec0000)
}
Event: 184.587 GC heap before
{Heap before GC invocations=5 (full 0):
 PSYoungGen      total 18560K, used 18557K [0x00000000eb400000, 0x00000000ec8b0000, 0x0000000100000000)
  eden space 15936K, 100% used [0x00000000eb400000,0x00000000ec390000,0x00000000ec390000)
  from space 2624K, 99% used [0x00000000ec620000,0x00000000ec8af7d0,0x00000000ec8b0000)
  to   space 2624K, 0% used [0x00000000ec390000,0x00000000ec390000,0x00000000ec620000)
 ParOldGen       total 42496K, used 2325K [0x00000000c1c00000, 0x00000000c4580000, 0x00000000eb400000)
  object space 42496K, 5% used [0x00000000c1c00000,0x00000000c1e45450,0x00000000c4580000)
 PSPermGen       total 21248K, used 17432K [0x00000000bca00000, 0x00000000bdec0000, 0x00000000c1c00000)
  object space 21248K, 82% used [0x00000000bca00000,0x00000000bdb06208,0x00000000bdec0000)
Event: 184.595 GC heap after
Heap after GC invocations=5 (full 0):
 PSYoungGen      total 18176K, used 2621K [0x00000000eb400000, 0x00000000ecbd0000, 0x0000000100000000)
  eden space 15552K, 0% used [0x00000000eb400000,0x00000000eb400000,0x00000000ec330000)
  from space 2624K, 99% used [0x00000000ec390000,0x00000000ec61f7d0,0x00000000ec620000)
  to   space 4416K, 0% used [0x00000000ec780000,0x00000000ec780000,0x00000000ecbd0000)
 ParOldGen       total 42496K, used 3161K [0x00000000c1c00000, 0x00000000c4580000, 0x00000000eb400000)
  object space 42496K, 7% used [0x00000000c1c00000,0x00000000c1f16698,0x00000000c4580000)
 PSPermGen       total 21248K, used 17432K [0x00000000bca00000, 0x00000000bdec0000, 0x00000000c1c00000)
  object space 21248K, 82% used [0x00000000bca00000,0x00000000bdb06208,0x00000000bdec0000)
}
Event: 377.161 GC heap before
{Heap before GC invocations=6 (full 0):
 PSYoungGen      total 18176K, used 18173K [0x00000000eb400000, 0x00000000ecbd0000, 0x0000000100000000)
  eden space 15552K, 100% used [0x00000000eb400000,0x00000000ec330000,0x00000000ec330000)
  from space 2624K, 99% used [0x00000000ec390000,0x00000000ec61f7d0,0x00000000ec620000)
  to   space 4416K, 0% used [0x00000000ec780000,0x00000000ec780000,0x00000000ecbd0000)
 ParOldGen       total 42496K, used 3161K [0x00000000c1c00000, 0x00000000c4580000, 0x00000000eb400000)
  object space 42496K, 7% used [0x00000000c1c00000,0x00000000c1f16698,0x00000000c4580000)
 PSPermGen       total 21248K, used 17611K [0x00000000bca00000, 0x00000000bdec0000, 0x00000000c1c00000)
  object space 21248K, 82% used [0x00000000bca00000,0x00000000bdb32dd0,0x00000000bdec0000)
Event: 377.170 GC heap after
Heap after GC invocations=6 (full 0):
 PSYoungGen      total 18944K, used 2920K [0x00000000eb400000, 0x00000000ecb30000, 0x0000000100000000)
  eden space 15168K, 0% used [0x00000000eb400000,0x00000000eb400000,0x00000000ec2d0000)
  from space 3776K, 77% used [0x00000000ec780000,0x00000000eca5a0c0,0x00000000ecb30000)
  to   space 4288K, 0% used [0x00000000ec2d0000,0x00000000ec2d0000,0x00000000ec700000)
 ParOldGen       total 42496K, used 3161K [0x00000000c1c00000, 0x00000000c4580000, 0x00000000eb400000)
  object space 42496K, 7% used [0x00000000c1c00000,0x00000000c1f16698,0x00000000c4580000)
 PSPermGen       total 21248K, used 17611K [0x00000000bca00000, 0x00000000bdec0000, 0x00000000c1c00000)
  object space 21248K, 82% used [0x00000000bca00000,0x00000000bdb32dd0,0x00000000bdec0000)
}
Event: 379.917 GC heap before
{Heap before GC invocations=7 (full 0):
 PSYoungGen      total 18944K, used 18058K [0x00000000eb400000, 0x00000000ecb30000, 0x0000000100000000)
  eden space 15168K, 99% used [0x00000000eb400000,0x00000000ec2c8b38,0x00000000ec2d0000)
  from space 3776K, 77% used [0x00000000ec780000,0x00000000eca5a0c0,0x00000000ecb30000)
  to   space 4288K, 0% used [0x00000000ec2d0000,0x00000000ec2d0000,0x00000000ec700000)
 ParOldGen       total 42496K, used 3161K [0x00000000c1c00000, 0x00000000c4580000, 0x00000000eb400000)
  object space 42496K, 7% used [0x00000000c1c00000,0x00000000c1f16698,0x00000000c4580000)
 PSPermGen       total 22208K, used 22141K [0x00000000bca00000, 0x00000000bdfb0000, 0x00000000c1c00000)
  object space 22208K, 99% used [0x00000000bca00000,0x00000000bdf9f580,0x00000000bdfb0000)
Event: 379.935 GC heap after
Heap after GC invocations=7 (full 0):
 PSYoungGen      total 19136K, used 4257K [0x00000000eb400000, 0x00000000ecfc0000, 0x0000000100000000)
  eden space 14848K, 0% used [0x00000000eb400000,0x00000000eb400000,0x00000000ec280000)
  from space 4288K, 99% used [0x00000000ec2d0000,0x00000000ec6f8400,0x00000000ec700000)
  to   space 6784K, 0% used [0x00000000ec920000,0x00000000ec920000,0x00000000ecfc0000)
 ParOldGen       total 42496K, used 7366K [0x00000000c1c00000, 0x00000000c4580000, 0x00000000eb400000)
  object space 42496K, 17% used [0x00000000c1c00000,0x00000000c2331b60,0x00000000c4580000)
 PSPermGen       total 22208K, used 22141K [0x00000000bca00000, 0x00000000bdfb0000, 0x00000000c1c00000)
  object space 22208K, 99% used [0x00000000bca00000,0x00000000bdf9f580,0x00000000bdfb0000)
}

