# JRE version: 7.0_21-b11
# Java VM: Java HotSpot(TM) Client VM (23.21-b01 mixed mode, sharing windows-x86 )
Heap
 def new generation   total 4928K, used 1194K [0x23510000, 0x23a60000, 0x28a60000)
  eden space 4416K,  15% used [0x23510000, 0x235ba948, 0x23960000)
  from space 512K, 100% used [0x23960000, 0x239e0000, 0x239e0000)
  to   space 512K,   0% used [0x239e0000, 0x239e0000, 0x23a60000)
 tenured generation   total 10944K, used 10449K [0x28a60000, 0x29510000, 0x33510000)
   the space 10944K,  95% used [0x28a60000, 0x294947b0, 0x29494800, 0x29510000)
 compacting perm gen  total 12288K, used 10945K [0x33510000, 0x34110000, 0x37510000)
   the space 12288K,  89% used [0x33510000, 0x33fc04b0, 0x33fc0600, 0x34110000)
    ro space 10240K,  42% used [0x37510000, 0x379522a0, 0x37952400, 0x37f10000)
    rw space 12288K,  54% used [0x37f10000, 0x38593250, 0x38593400, 0x38b10000)
GC Heap History (10 events):
Event: 22.138 GC heap before
{Heap before GC invocations=9 (full 0):
 def new generation   total 4928K, used 4925K [0x23510000, 0x23a60000, 0x28a60000)
  eden space 4416K,  99% used [0x23510000, 0x2395f710, 0x23960000)
  from space 512K, 100% used [0x239e0000, 0x23a60000, 0x23a60000)
  to   space 512K,   0% used [0x23960000, 0x23960000, 0x239e0000)
 tenured generation   total 10944K, used 4577K [0x28a60000, 0x29510000, 0x33510000)
   the space 10944K,  41% used [0x28a60000, 0x28ed8610, 0x28ed8800, 0x29510000)
 compacting perm gen  total 12288K, used 8560K [0x33510000, 0x34110000, 0x37510000)
   the space 12288K,  69% used [0x33510000, 0x33d6c0a0, 0x33d6c200, 0x34110000)
    ro space 10240K,  42% used [0x37510000, 0x379522a0, 0x37952400, 0x37f10000)
    rw space 12288K,  54% used [0x37f10000, 0x38593250, 0x38593400, 0x38b10000)
Event: 22.142 GC heap after
Heap after GC invocations=10 (full 0):
 def new generation   total 4928K, used 241K [0x23510000, 0x23a60000, 0x28a60000)
  eden space 4416K,   0% used [0x23510000, 0x23510000, 0x23960000)
  from space 512K,  47% used [0x23960000, 0x2399c548, 0x239e0000)
  to   space 512K,   0% used [0x239e0000, 0x239e0000, 0x23a60000)
 tenured generation   total 10944K, used 5072K [0x28a60000, 0x29510000, 0x33510000)
   the space 10944K,  46% used [0x28a60000, 0x28f54190, 0x28f54200, 0x29510000)
 compacting perm gen  total 12288K, used 8560K [0x33510000, 0x34110000, 0x37510000)
   the space 12288K,  69% used [0x33510000, 0x33d6c0a0, 0x33d6c200, 0x34110000)
    ro space 10240K,  42% used [0x37510000, 0x379522a0, 0x37952400, 0x37f10000)
    rw space 12288K,  54% used [0x37f10000, 0x38593250, 0x38593400, 0x38b10000)
}
Event: 22.240 GC heap before
{Heap before GC invocations=10 (full 0):
 def new generation   total 4928K, used 4657K [0x23510000, 0x23a60000, 0x28a60000)
  eden space 4416K, 100% used [0x23510000, 0x23960000, 0x23960000)
  from space 512K,  47% used [0x23960000, 0x2399c548, 0x239e0000)
  to   space 512K,   0% used [0x239e0000, 0x239e0000, 0x23a60000)
 tenured generation   total 10944K, used 5072K [0x28a60000, 0x29510000, 0x33510000)
   the space 10944K,  46% used [0x28a60000, 0x28f54190, 0x28f54200, 0x29510000)
 compacting perm gen  total 12288K, used 9194K [0x33510000, 0x34110000, 0x37510000)
   the space 12288K,  74% used [0x33510000, 0x33e0a960, 0x33e0aa00, 0x34110000)
    ro space 10240K,  42% used [0x37510000, 0x379522a0, 0x37952400, 0x37f10000)
    rw space 12288K,  54% used [0x37f10000, 0x38593250, 0x38593400, 0x38b10000)
Event: 22.246 GC heap after
Heap after GC invocations=11 (full 0):
 def new generation   total 4928K, used 512K [0x23510000, 0x23a60000, 0x28a60000)
  eden space 4416K,   0% used [0x23510000, 0x23510000, 0x23960000)
  from space 512K, 100% used [0x239e0000, 0x23a60000, 0x23a60000)
  to   space 512K,   0% used [0x23960000, 0x23960000, 0x239e0000)
 tenured generation   total 10944K, used 5370K [0x28a60000, 0x29510000, 0x33510000)
   the space 10944K,  49% used [0x28a60000, 0x28f9ebf0, 0x28f9ec00, 0x29510000)
 compacting perm gen  total 12288K, used 9194K [0x33510000, 0x34110000, 0x37510000)
   the space 12288K,  74% used [0x33510000, 0x33e0a960, 0x33e0aa00, 0x34110000)
    ro space 10240K,  42% used [0x37510000, 0x379522a0, 0x37952400, 0x37f10000)
    rw space 12288K,  54% used [0x37f10000, 0x38593250, 0x38593400, 0x38b10000)
}
Event: 22.407 GC heap before
{Heap before GC invocations=11 (full 0):
 def new generation   total 4928K, used 4928K [0x23510000, 0x23a60000, 0x28a60000)
  eden space 4416K, 100% used [0x23510000, 0x23960000, 0x23960000)
  from space 512K, 100% used [0x239e0000, 0x23a60000, 0x23a60000)
  to   space 512K,   0% used [0x23960000, 0x23960000, 0x239e0000)
 tenured generation   total 10944K, used 5370K [0x28a60000, 0x29510000, 0x33510000)
   the space 10944K,  49% used [0x28a60000, 0x28f9ebf0, 0x28f9ec00, 0x29510000)
 compacting perm gen  total 12288K, used 9806K [0x33510000, 0x34110000, 0x37510000)
   the space 12288K,  79% used [0x33510000, 0x33ea3b60, 0x33ea3c00, 0x34110000)
    ro space 10240K,  42% used [0x37510000, 0x379522a0, 0x37952400, 0x37f10000)
    rw space 12288K,  54% used [0x37f10000, 0x38593250, 0x38593400, 0x38b10000)
Event: 22.413 GC heap after
Heap after GC invocations=12 (full 0):
 def new generation   total 4928K, used 512K [0x23510000, 0x23a60000, 0x28a60000)
  eden space 4416K,   0% used [0x23510000, 0x23510000, 0x23960000)
  from space 512K, 100% used [0x23960000, 0x239e0000, 0x239e0000)
  to   space 512K,   0% used [0x239e0000, 0x239e0000, 0x23a60000)
 tenured generation   total 10944K, used 6302K [0x28a60000, 0x29510000, 0x33510000)
   the space 10944K,  57% used [0x28a60000, 0x29087a00, 0x29087a00, 0x29510000)
 compacting perm gen  total 12288K, used 9806K [0x33510000, 0x34110000, 0x37510000)
   the space 12288K,  79% used [0x33510000, 0x33ea3b60, 0x33ea3c00, 0x34110000)
    ro space 10240K,  42% used [0x37510000, 0x379522a0, 0x37952400, 0x37f10000)
    rw space 12288K,  54% used [0x37f10000, 0x38593250, 0x38593400, 0x38b10000)
}
Event: 23.624 GC heap before
{Heap before GC invocations=12 (full 0):
 def new generation   total 4928K, used 4906K [0x23510000, 0x23a60000, 0x28a60000)
  eden space 4416K,  99% used [0x23510000, 0x2395aab8, 0x23960000)
  from space 512K, 100% used [0x23960000, 0x239e0000, 0x239e0000)
  to   space 512K,   0% used [0x239e0000, 0x239e0000, 0x23a60000)
 tenured generation   total 10944K, used 6302K [0x28a60000, 0x29510000, 0x33510000)
   the space 10944K,  57% used [0x28a60000, 0x29087a00, 0x29087a00, 0x29510000)
 compacting perm gen  total 12288K, used 10450K [0x33510000, 0x34110000, 0x37510000)
   the space 12288K,  85% used [0x33510000, 0x33f44bd8, 0x33f44c00, 0x34110000)
    ro space 10240K,  42% used [0x37510000, 0x379522a0, 0x37952400, 0x37f10000)
    rw space 12288K,  54% used [0x37f10000, 0x38593250, 0x38593400, 0x38b10000)
Event: 23.634 GC heap after
Heap after GC invocations=13 (full 0):
 def new generation   total 4928K, used 512K [0x23510000, 0x23a60000, 0x28a60000)
  eden space 4416K,   0% used [0x23510000, 0x23510000, 0x23960000)
  from space 512K, 100% used [0x239e0000, 0x23a60000, 0x23a60000)
  to   space 512K,   0% used [0x23960000, 0x23960000, 0x239e0000)
 tenured generation   total 10944K, used 7599K [0x28a60000, 0x29510000, 0x33510000)
   the space 10944K,  69% used [0x28a60000, 0x291cbd10, 0x291cbe00, 0x29510000)
 compacting perm gen  total 12288K, used 10450K [0x33510000, 0x34110000, 0x37510000)
   the space 12288K,  85% used [0x33510000, 0x33f44bd8, 0x33f44c00, 0x34110000)
    ro space 10240K,  42% used [0x37510000, 0x379522a0, 0x37952400, 0x37f10000)
    rw space 12288K,  54% used [0x37f10000, 0x38593250, 0x38593400, 0x38b10000)
}
Event: 23.873 GC heap before
{Heap before GC invocations=13 (full 0):
 def new generation   total 4928K, used 4928K [0x23510000, 0x23a60000, 0x28a60000)
  eden space 4416K, 100% used [0x23510000, 0x23960000, 0x23960000)
  from space 512K, 100% used [0x239e0000, 0x23a60000, 0x23a60000)
  to   space 512K,   0% used [0x23960000, 0x23960000, 0x239e0000)
 tenured generation   total 10944K, used 7599K [0x28a60000, 0x29510000, 0x33510000)
   the space 10944K,  69% used [0x28a60000, 0x291cbd10, 0x291cbe00, 0x29510000)
 compacting perm gen  total 12288K, used 10943K [0x33510000, 0x34110000, 0x37510000)
   the space 12288K,  89% used [0x33510000, 0x33fbfdc8, 0x33fbfe00, 0x34110000)
    ro space 10240K,  42% used [0x37510000, 0x379522a0, 0x37952400, 0x37f10000)
    rw space 12288K,  54% used [0x37f10000, 0x38593250, 0x38593400, 0x38b10000)
Event: 23.879 GC heap after
Heap after GC invocations=14 (full 0):
 def new generation   total 4928K, used 512K [0x23510000, 0x23a60000, 0x28a60000)
  eden space 4416K,   0% used [0x23510000, 0x23510000, 0x23960000)
  from space 512K, 100% used [0x23960000, 0x239e0000, 0x239e0000)
  to   space 512K,   0% used [0x239e0000, 0x239e0000, 0x23a60000)
 tenured generation   total 10944K, used 10449K [0x28a60000, 0x29510000, 0x33510000)
   the space 10944K,  95% used [0x28a60000, 0x294947b0, 0x29494800, 0x29510000)
 compacting perm gen  total 12288K, used 10943K [0x33510000, 0x34110000, 0x37510000)
   the space 12288K,  89% used [0x33510000, 0x33fbfdc8, 0x33fbfe00, 0x34110000)
    ro space 10240K,  42% used [0x37510000, 0x379522a0, 0x37952400, 0x37f10000)
    rw space 12288K,  54% used [0x37f10000, 0x38593250, 0x38593400, 0x38b10000)
}

