# JRE version: 7.0_21-b11
# Java VM: Java HotSpot(TM) Client VM (23.21-b01 mixed mode, sharing windows-x86 )
Heap
 def new generation   total 4928K, used 1234K [0x23510000, 0x23a60000, 0x28a60000)
  eden space 4416K,  16% used [0x23510000, 0x235c4a08, 0x23960000)
  from space 512K, 100% used [0x23960000, 0x239e0000, 0x239e0000)
  to   space 512K,   0% used [0x239e0000, 0x239e0000, 0x23a60000)
 tenured generation   total 10944K, used 10288K [0x28a60000, 0x29510000, 0x33510000)
   the space 10944K,  94% used [0x28a60000, 0x2946c060, 0x2946c200, 0x29510000)
 compacting perm gen  total 12288K, used 10890K [0x33510000, 0x34110000, 0x37510000)
   the space 12288K,  88% used [0x33510000, 0x33fb2a00, 0x33fb2a00, 0x34110000)
    ro space 10240K,  42% used [0x37510000, 0x379522a0, 0x37952400, 0x37f10000)
    rw space 12288K,  54% used [0x37f10000, 0x38593250, 0x38593400, 0x38b10000)
GC Heap History (10 events):
Event: 38.292 GC heap before
{Heap before GC invocations=9 (full 0):
 def new generation   total 4928K, used 4873K [0x23510000, 0x23a60000, 0x28a60000)
  eden space 4416K, 100% used [0x23510000, 0x23960000, 0x23960000)
  from space 512K,  89% used [0x239e0000, 0x23a52780, 0x23a60000)
  to   space 512K,   0% used [0x23960000, 0x23960000, 0x239e0000)
 tenured generation   total 10944K, used 4546K [0x28a60000, 0x29510000, 0x33510000)
   the space 10944K,  41% used [0x28a60000, 0x28ed0ae8, 0x28ed0c00, 0x29510000)
 compacting perm gen  total 12288K, used 8460K [0x33510000, 0x34110000, 0x37510000)
   the space 12288K,  68% used [0x33510000, 0x33d53238, 0x33d53400, 0x34110000)
    ro space 10240K,  42% used [0x37510000, 0x379522a0, 0x37952400, 0x37f10000)
    rw space 12288K,  54% used [0x37f10000, 0x38593250, 0x38593400, 0x38b10000)
Event: 38.297 GC heap after
Heap after GC invocations=10 (full 0):
 def new generation   total 4928K, used 203K [0x23510000, 0x23a60000, 0x28a60000)
  eden space 4416K,   0% used [0x23510000, 0x23510000, 0x23960000)
  from space 512K,  39% used [0x23960000, 0x23992d90, 0x239e0000)
  to   space 512K,   0% used [0x239e0000, 0x239e0000, 0x23a60000)
 tenured generation   total 10944K, used 4955K [0x28a60000, 0x29510000, 0x33510000)
   the space 10944K,  45% used [0x28a60000, 0x28f36ff0, 0x28f37000, 0x29510000)
 compacting perm gen  total 12288K, used 8460K [0x33510000, 0x34110000, 0x37510000)
   the space 12288K,  68% used [0x33510000, 0x33d53238, 0x33d53400, 0x34110000)
    ro space 10240K,  42% used [0x37510000, 0x379522a0, 0x37952400, 0x37f10000)
    rw space 12288K,  54% used [0x37f10000, 0x38593250, 0x38593400, 0x38b10000)
}
Event: 38.638 GC heap before
{Heap before GC invocations=10 (full 0):
 def new generation   total 4928K, used 4619K [0x23510000, 0x23a60000, 0x28a60000)
  eden space 4416K, 100% used [0x23510000, 0x23960000, 0x23960000)
  from space 512K,  39% used [0x23960000, 0x23992d90, 0x239e0000)
  to   space 512K,   0% used [0x239e0000, 0x239e0000, 0x23a60000)
 tenured generation   total 10944K, used 4955K [0x28a60000, 0x29510000, 0x33510000)
   the space 10944K,  45% used [0x28a60000, 0x28f36ff0, 0x28f37000, 0x29510000)
 compacting perm gen  total 12288K, used 9169K [0x33510000, 0x34110000, 0x37510000)
   the space 12288K,  74% used [0x33510000, 0x33e044b0, 0x33e04600, 0x34110000)
    ro space 10240K,  42% used [0x37510000, 0x379522a0, 0x37952400, 0x37f10000)
    rw space 12288K,  54% used [0x37f10000, 0x38593250, 0x38593400, 0x38b10000)
Event: 38.643 GC heap after
Heap after GC invocations=11 (full 0):
 def new generation   total 4928K, used 512K [0x23510000, 0x23a60000, 0x28a60000)
  eden space 4416K,   0% used [0x23510000, 0x23510000, 0x23960000)
  from space 512K, 100% used [0x239e0000, 0x23a60000, 0x23a60000)
  to   space 512K,   0% used [0x23960000, 0x23960000, 0x239e0000)
 tenured generation   total 10944K, used 5270K [0x28a60000, 0x29510000, 0x33510000)
   the space 10944K,  48% used [0x28a60000, 0x28f858b8, 0x28f85a00, 0x29510000)
 compacting perm gen  total 12288K, used 9169K [0x33510000, 0x34110000, 0x37510000)
   the space 12288K,  74% used [0x33510000, 0x33e044b0, 0x33e04600, 0x34110000)
    ro space 10240K,  42% used [0x37510000, 0x379522a0, 0x37952400, 0x37f10000)
    rw space 12288K,  54% used [0x37f10000, 0x38593250, 0x38593400, 0x38b10000)
}
Event: 38.998 GC heap before
{Heap before GC invocations=11 (full 0):
 def new generation   total 4928K, used 4928K [0x23510000, 0x23a60000, 0x28a60000)
  eden space 4416K, 100% used [0x23510000, 0x23960000, 0x23960000)
  from space 512K, 100% used [0x239e0000, 0x23a60000, 0x23a60000)
  to   space 512K,   0% used [0x23960000, 0x23960000, 0x239e0000)
 tenured generation   total 10944K, used 5270K [0x28a60000, 0x29510000, 0x33510000)
   the space 10944K,  48% used [0x28a60000, 0x28f858b8, 0x28f85a00, 0x29510000)
 compacting perm gen  total 12288K, used 9620K [0x33510000, 0x34110000, 0x37510000)
   the space 12288K,  78% used [0x33510000, 0x33e75288, 0x33e75400, 0x34110000)
    ro space 10240K,  42% used [0x37510000, 0x379522a0, 0x37952400, 0x37f10000)
    rw space 12288K,  54% used [0x37f10000, 0x38593250, 0x38593400, 0x38b10000)
Event: 39.003 GC heap after
Heap after GC invocations=12 (full 0):
 def new generation   total 4928K, used 512K [0x23510000, 0x23a60000, 0x28a60000)
  eden space 4416K,   0% used [0x23510000, 0x23510000, 0x23960000)
  from space 512K, 100% used [0x23960000, 0x239e0000, 0x239e0000)
  to   space 512K,   0% used [0x239e0000, 0x239e0000, 0x23a60000)
 tenured generation   total 10944K, used 6192K [0x28a60000, 0x29510000, 0x33510000)
   the space 10944K,  56% used [0x28a60000, 0x2906c378, 0x2906c400, 0x29510000)
 compacting perm gen  total 12288K, used 9620K [0x33510000, 0x34110000, 0x37510000)
   the space 12288K,  78% used [0x33510000, 0x33e75288, 0x33e75400, 0x34110000)
    ro space 10240K,  42% used [0x37510000, 0x379522a0, 0x37952400, 0x37f10000)
    rw space 12288K,  54% used [0x37f10000, 0x38593250, 0x38593400, 0x38b10000)
}
Event: 41.037 GC heap before
{Heap before GC invocations=12 (full 0):
 def new generation   total 4928K, used 4904K [0x23510000, 0x23a60000, 0x28a60000)
  eden space 4416K,  99% used [0x23510000, 0x2395a1c0, 0x23960000)
  from space 512K, 100% used [0x23960000, 0x239e0000, 0x239e0000)
  to   space 512K,   0% used [0x239e0000, 0x239e0000, 0x23a60000)
 tenured generation   total 10944K, used 6192K [0x28a60000, 0x29510000, 0x33510000)
   the space 10944K,  56% used [0x28a60000, 0x2906c378, 0x2906c400, 0x29510000)
 compacting perm gen  total 12288K, used 10347K [0x33510000, 0x34110000, 0x37510000)
   the space 12288K,  84% used [0x33510000, 0x33f2aeb8, 0x33f2b000, 0x34110000)
    ro space 10240K,  42% used [0x37510000, 0x379522a0, 0x37952400, 0x37f10000)
    rw space 12288K,  54% used [0x37f10000, 0x38593250, 0x38593400, 0x38b10000)
Event: 41.043 GC heap after
Heap after GC invocations=13 (full 0):
 def new generation   total 4928K, used 512K [0x23510000, 0x23a60000, 0x28a60000)
  eden space 4416K,   0% used [0x23510000, 0x23510000, 0x23960000)
  from space 512K, 100% used [0x239e0000, 0x23a60000, 0x23a60000)
  to   space 512K,   0% used [0x23960000, 0x23960000, 0x239e0000)
 tenured generation   total 10944K, used 7189K [0x28a60000, 0x29510000, 0x33510000)
   the space 10944K,  65% used [0x28a60000, 0x29165718, 0x29165800, 0x29510000)
 compacting perm gen  total 12288K, used 10347K [0x33510000, 0x34110000, 0x37510000)
   the space 12288K,  84% used [0x33510000, 0x33f2aeb8, 0x33f2b000, 0x34110000)
    ro space 10240K,  42% used [0x37510000, 0x379522a0, 0x37952400, 0x37f10000)
    rw space 12288K,  54% used [0x37f10000, 0x38593250, 0x38593400, 0x38b10000)
}
Event: 41.355 GC heap before
{Heap before GC invocations=13 (full 0):
 def new generation   total 4928K, used 4928K [0x23510000, 0x23a60000, 0x28a60000)
  eden space 4416K, 100% used [0x23510000, 0x23960000, 0x23960000)
  from space 512K, 100% used [0x239e0000, 0x23a60000, 0x23a60000)
  to   space 512K,   0% used [0x23960000, 0x23960000, 0x239e0000)
 tenured generation   total 10944K, used 7189K [0x28a60000, 0x29510000, 0x33510000)
   the space 10944K,  65% used [0x28a60000, 0x29165718, 0x29165800, 0x29510000)
 compacting perm gen  total 12288K, used 10876K [0x33510000, 0x34110000, 0x37510000)
   the space 12288K,  88% used [0x33510000, 0x33faf020, 0x33faf200, 0x34110000)
    ro space 10240K,  42% used [0x37510000, 0x379522a0, 0x37952400, 0x37f10000)
    rw space 12288K,  54% used [0x37f10000, 0x38593250, 0x38593400, 0x38b10000)
Event: 41.362 GC heap after
Heap after GC invocations=14 (full 0):
 def new generation   total 4928K, used 512K [0x23510000, 0x23a60000, 0x28a60000)
  eden space 4416K,   0% used [0x23510000, 0x23510000, 0x23960000)
  from space 512K, 100% used [0x23960000, 0x239e0000, 0x239e0000)
  to   space 512K,   0% used [0x239e0000, 0x239e0000, 0x23a60000)
 tenured generation   total 10944K, used 10288K [0x28a60000, 0x29510000, 0x33510000)
   the space 10944K,  94% used [0x28a60000, 0x2946c060, 0x2946c200, 0x29510000)
 compacting perm gen  total 12288K, used 10876K [0x33510000, 0x34110000, 0x37510000)
   the space 12288K,  88% used [0x33510000, 0x33faf020, 0x33faf200, 0x34110000)
    ro space 10240K,  42% used [0x37510000, 0x379522a0, 0x37952400, 0x37f10000)
    rw space 12288K,  54% used [0x37f10000, 0x38593250, 0x38593400, 0x38b10000)
}

